<?xml version="1.0" encoding="UTF-8"?>
<!-- Generated by org.testng.reporters.JUnitXMLReporter -->
<testsuite ignored="0" hostname="G4G14VG9KK" failures="0" tests="8" name="Checkout Page Test" time="78.475" errors="0" timestamp="2026-02-06T21:15:35 EET">
  <testcase classname="kib.tests.CheckoutPageTest" name="missingFieldShowsError" time="7.968"/>
  <testcase classname="kib.tests.CheckoutPageTest" name="missingFieldShowsError" time="10.563"/>
  <testcase classname="kib.tests.CheckoutPageTest" name="missingFieldShowsError" time="7.21"/>
  <testcase classname="kib.tests.CheckoutPageTest" name="missingFieldShowsError" time="6.388"/>
  <testcase classname="kib.tests.CheckoutPageTest" name="missingFieldShowsError" time="6.451"/>
  <testcase classname="kib.tests.CheckoutPageTest" name="missingFieldShowsError" time="7.467"/>
  <testcase classname="kib.tests.CheckoutPageTest" name="missingFieldShowsError" time="5.104"/>
  <testcase classname="kib.tests.CheckoutPageTest" name="submitOrderSuccessfully" time="9.077"/>
</testsuite> <!-- Checkout Page Test -->
