<?xml version="1.0" encoding="UTF-8"?>
<!-- Generated by org.testng.reporters.JUnitXMLReporter -->
<testsuite ignored="0" hostname="G4G14VG9KK" failures="0" tests="2" name="Products Page Test" time="7.464" errors="0" timestamp="2026-02-06T21:14:11 EET">
  <testcase classname="kib.tests.ProductsPageTest" name="getProductThrowsForMissingProduct" time="1.647"/>
  <testcase classname="kib.tests.ProductsPageTest" name="productsListVisibleAfterLogin" time="1.585"/>
</testsuite> <!-- Products Page Test -->
