<?xml version="1.0" encoding="UTF-8"?>
<testng-results ignored="0" total="13" passed="13" failed="0" skipped="0">
  <reporter-output>
  </reporter-output>
  <suite started-at="2026-02-06T21:13:57 EET" name="Suite" finished-at="2026-02-06T21:15:35 EET" duration-ms="97906">
    <groups>
    </groups>
    <test started-at="2026-02-06T21:13:57 EET" name="Login Page Test" finished-at="2026-02-06T21:14:04 EET" duration-ms="6843">
      <class name="kib.tests.LoginPageTest">
        <test-method is-config="true" signature="launchApplication()[pri:0, instance:kib.tests.LoginPageTest@1817d444]" started-at="2026-02-06T21:13:57 EET" name="launchApplication" finished-at="2026-02-06T21:14:00 EET" duration-ms="2633" status="PASS">
          <reporter-output>
          </reporter-output>
        </test-method> <!-- launchApplication -->
        <test-method signature="invalidPasswordShowsError()[pri:0, instance:kib.tests.LoginPageTest@1817d444]" started-at="2026-02-06T21:14:00 EET" name="invalidPasswordShowsError" finished-at="2026-02-06T21:14:00 EET" duration-ms="465" status="PASS">
          <reporter-output>
          </reporter-output>
        </test-method> <!-- invalidPasswordShowsError -->
        <test-method is-config="true" signature="closeApplication()[pri:0, instance:kib.tests.LoginPageTest@1817d444]" started-at="2026-02-06T21:14:00 EET" name="closeApplication" finished-at="2026-02-06T21:14:00 EET" duration-ms="109" status="PASS">
          <reporter-output>
          </reporter-output>
        </test-method> <!-- closeApplication -->
        <test-method is-config="true" signature="launchApplication()[pri:0, instance:kib.tests.LoginPageTest@1817d444]" started-at="2026-02-06T21:14:00 EET" name="launchApplication" finished-at="2026-02-06T21:14:02 EET" duration-ms="1773" status="PASS">
          <reporter-output>
          </reporter-output>
        </test-method> <!-- launchApplication -->
        <test-method signature="validPasswordShowsProducts()[pri:0, instance:kib.tests.LoginPageTest@1817d444]" started-at="2026-02-06T21:14:02 EET" name="validPasswordShowsProducts" finished-at="2026-02-06T21:14:04 EET" duration-ms="1723" status="PASS">
          <reporter-output>
          </reporter-output>
        </test-method> <!-- validPasswordShowsProducts -->
        <test-method is-config="true" signature="closeApplication()[pri:0, instance:kib.tests.LoginPageTest@1817d444]" started-at="2026-02-06T21:14:04 EET" name="closeApplication" finished-at="2026-02-06T21:14:04 EET" duration-ms="122" status="PASS">
          <reporter-output>
          </reporter-output>
        </test-method> <!-- closeApplication -->
      </class> <!-- kib.tests.LoginPageTest -->
    </test> <!-- Login Page Test -->
    <test started-at="2026-02-06T21:14:04 EET" name="Products Page Test" finished-at="2026-02-06T21:14:11 EET" duration-ms="7464">
      <class name="kib.tests.ProductsPageTest">
        <test-method is-config="true" signature="launchApplication()[pri:0, instance:kib.tests.ProductsPageTest@6c64cb25]" started-at="2026-02-06T21:14:04 EET" name="launchApplication" finished-at="2026-02-06T21:14:06 EET" duration-ms="1985" status="PASS">
          <reporter-output>
          </reporter-output>
        </test-method> <!-- launchApplication -->
        <test-method signature="getProductThrowsForMissingProduct()[pri:0, instance:kib.tests.ProductsPageTest@6c64cb25]" started-at="2026-02-06T21:14:06 EET" name="getProductThrowsForMissingProduct" finished-at="2026-02-06T21:14:08 EET" duration-ms="1647" status="PASS">
          <exception class="java.lang.RuntimeException">
            <message>
              <![CDATA[Product Non Existing Product not found]]>
            </message>
            <full-stacktrace>
              <![CDATA[java.lang.RuntimeException: Product Non Existing Product not found
at kib.pageobjects.ProductsPage.lambda$1(ProductsPage.java:35)
at java.base/java.util.Optional.orElseThrow(Optional.java:403)
at kib.pageobjects.ProductsPage.getProduct(ProductsPage.java:35)
at kib.tests.ProductsPageTest.getProductThrowsForMissingProduct(ProductsPageTest.java:28)
at java.base/jdk.internal.reflect.NativeMethodAccessorImpl.invoke0(Native Method)
at java.base/jdk.internal.reflect.NativeMethodAccessorImpl.invoke(NativeMethodAccessorImpl.java:77)
at java.base/jdk.internal.reflect.DelegatingMethodAccessorImpl.invoke(DelegatingMethodAccessorImpl.java:43)
at java.base/java.lang.reflect.Method.invoke(Method.java:569)
at org.testng.internal.invokers.MethodInvocationHelper.invokeMethod(MethodInvocationHelper.java:141)
at org.testng.internal.invokers.TestInvoker.invokeMethod(TestInvoker.java:697)
at org.testng.internal.invokers.TestInvoker.invokeTestMethod(TestInvoker.java:230)
at org.testng.internal.invokers.MethodRunner.runInSequence(MethodRunner.java:63)
at org.testng.internal.invokers.TestInvoker$MethodInvocationAgent.invoke(TestInvoker.java:1005)
at org.testng.internal.invokers.TestInvoker.invokeTestMethods(TestInvoker.java:203)
at org.testng.internal.invokers.TestMethodWorker.invokeTestMethods(TestMethodWorker.java:154)
at org.testng.internal.invokers.TestMethodWorker.run(TestMethodWorker.java:134)
at java.base/java.util.ArrayList.forEach(ArrayList.java:1511)
at org.testng.TestRunner.privateRun(TestRunner.java:744)
at org.testng.TestRunner.run(TestRunner.java:616)
at org.testng.SuiteRunner.runTest(SuiteRunner.java:421)
at org.testng.SuiteRunner.runSequentially(SuiteRunner.java:413)
at org.testng.SuiteRunner.privateRun(SuiteRunner.java:373)
at org.testng.SuiteRunner.run(SuiteRunner.java:312)
at org.testng.SuiteRunnerWorker.runSuite(SuiteRunnerWorker.java:52)
at org.testng.SuiteRunnerWorker.run(SuiteRunnerWorker.java:95)
at org.testng.TestNG.runSuitesSequentially(TestNG.java:1274)
at org.testng.TestNG.runSuitesLocally(TestNG.java:1208)
at org.testng.TestNG.runSuites(TestNG.java:1112)
at org.testng.TestNG.run(TestNG.java:1079)
at org.testng.remote.AbstractRemoteTestNG.run(AbstractRemoteTestNG.java:115)
at org.testng.remote.RemoteTestNG.initAndRun(RemoteTestNG.java:293)
at org.testng.remote.RemoteTestNG.main(RemoteTestNG.java:91)
]]>
            </full-stacktrace>
          </exception> <!-- java.lang.RuntimeException -->
          <reporter-output>
          </reporter-output>
        </test-method> <!-- getProductThrowsForMissingProduct -->
        <test-method is-config="true" signature="closeApplication()[pri:0, instance:kib.tests.ProductsPageTest@6c64cb25]" started-at="2026-02-06T21:14:08 EET" name="closeApplication" finished-at="2026-02-06T21:14:08 EET" duration-ms="111" status="PASS">
          <reporter-output>
          </reporter-output>
        </test-method> <!-- closeApplication -->
        <test-method is-config="true" signature="launchApplication()[pri:0, instance:kib.tests.ProductsPageTest@6c64cb25]" started-at="2026-02-06T21:14:08 EET" name="launchApplication" finished-at="2026-02-06T21:14:10 EET" duration-ms="2030" status="PASS">
          <reporter-output>
          </reporter-output>
        </test-method> <!-- launchApplication -->
        <test-method signature="productsListVisibleAfterLogin()[pri:0, instance:kib.tests.ProductsPageTest@6c64cb25]" started-at="2026-02-06T21:14:10 EET" name="productsListVisibleAfterLogin" finished-at="2026-02-06T21:14:11 EET" duration-ms="1585" status="PASS">
          <reporter-output>
          </reporter-output>
        </test-method> <!-- productsListVisibleAfterLogin -->
        <test-method is-config="true" signature="closeApplication()[pri:0, instance:kib.tests.ProductsPageTest@6c64cb25]" started-at="2026-02-06T21:14:11 EET" name="closeApplication" finished-at="2026-02-06T21:14:11 EET" duration-ms="102" status="PASS">
          <reporter-output>
          </reporter-output>
        </test-method> <!-- closeApplication -->
      </class> <!-- kib.tests.ProductsPageTest -->
    </test> <!-- Products Page Test -->
    <test started-at="2026-02-06T21:14:11 EET" name="Card Page Test" finished-at="2026-02-06T21:14:17 EET" duration-ms="5092">
      <class name="kib.tests.CardPageTest">
        <test-method is-config="true" signature="launchApplication()[pri:0, instance:kib.tests.CardPageTest@16293aa2]" started-at="2026-02-06T21:14:11 EET" name="launchApplication" finished-at="2026-02-06T21:14:13 EET" duration-ms="2002" status="PASS">
          <reporter-output>
          </reporter-output>
        </test-method> <!-- launchApplication -->
        <test-method signature="buyNowOpensCheckout()[pri:0, instance:kib.tests.CardPageTest@16293aa2]" started-at="2026-02-06T21:14:13 EET" name="buyNowOpensCheckout" finished-at="2026-02-06T21:14:16 EET" duration-ms="2973" status="PASS">
          <reporter-output>
          </reporter-output>
        </test-method> <!-- buyNowOpensCheckout -->
        <test-method is-config="true" signature="closeApplication()[pri:0, instance:kib.tests.CardPageTest@16293aa2]" started-at="2026-02-06T21:14:16 EET" name="closeApplication" finished-at="2026-02-06T21:14:17 EET" duration-ms="116" status="PASS">
          <reporter-output>
          </reporter-output>
        </test-method> <!-- closeApplication -->
      </class> <!-- kib.tests.CardPageTest -->
    </test> <!-- Card Page Test -->
    <test started-at="2026-02-06T21:14:17 EET" name="Checkout Page Test" finished-at="2026-02-06T21:15:35 EET" duration-ms="78475">
      <class name="kib.tests.CheckoutPageTest">
        <test-method is-config="true" signature="launchApplication()[pri:0, instance:kib.tests.CheckoutPageTest@57a3af25]" started-at="2026-02-06T21:14:17 EET" name="launchApplication" finished-at="2026-02-06T21:14:18 EET" duration-ms="1847" status="PASS">
          <reporter-output>
          </reporter-output>
        </test-method> <!-- launchApplication -->
        <test-method signature="missingFieldShowsError(java.lang.String,java.lang.String,java.lang.String,java.lang.String,java.lang.String,java.lang.String,java.lang.String,java.lang.String,java.lang.String,java.lang.String)[pri:0, instance:kib.tests.CheckoutPageTest@57a3af25]" started-at="2026-02-06T21:14:18 EET" name="missingFieldShowsError" data-provider="missingFieldData" finished-at="2026-02-06T21:14:26 EET" duration-ms="7968" status="PASS">
          <params>
            <param index="0">
              <value>
                <![CDATA[]]>
              </value>
            </param>
            <param index="1">
              <value>
                <![CDATA[John]]>
              </value>
            </param>
            <param index="2">
              <value>
                <![CDATA[Doe]]>
              </value>
            </param>
            <param index="3">
              <value>
                <![CDATA[123 Main Street]]>
              </value>
            </param>
            <param index="4">
              <value>
                <![CDATA[San Jose]]>
              </value>
            </param>
            <param index="5">
              <value>
                <![CDATA[96150]]>
              </value>
            </param>
            <param index="6">
              <value>
                <![CDATA[2125551234]]>
              </value>
            </param>
            <param index="7">
              <value>
                <![CDATA[California]]>
              </value>
            </param>
            <param index="8">
              <value>
                <![CDATA[Enter an email or phone number]]>
              </value>
            </param>
            <param index="9">
              <value>
                <![CDATA[email]]>
              </value>
            </param>
          </params>
          <reporter-output>
          </reporter-output>
        </test-method> <!-- missingFieldShowsError -->
        <test-method is-config="true" signature="closeApplication()[pri:0, instance:kib.tests.CheckoutPageTest@57a3af25]" started-at="2026-02-06T21:14:26 EET" name="closeApplication" finished-at="2026-02-06T21:14:27 EET" duration-ms="124" status="PASS">
          <reporter-output>
          </reporter-output>
        </test-method> <!-- closeApplication -->
        <test-method is-config="true" signature="launchApplication()[pri:0, instance:kib.tests.CheckoutPageTest@57a3af25]" started-at="2026-02-06T21:14:27 EET" name="launchApplication" finished-at="2026-02-06T21:14:29 EET" duration-ms="2892" status="PASS">
          <reporter-output>
          </reporter-output>
        </test-method> <!-- launchApplication -->
        <test-method signature="missingFieldShowsError(java.lang.String,java.lang.String,java.lang.String,java.lang.String,java.lang.String,java.lang.String,java.lang.String,java.lang.String,java.lang.String,java.lang.String)[pri:0, instance:kib.tests.CheckoutPageTest@57a3af25]" started-at="2026-02-06T21:14:29 EET" name="missingFieldShowsError" data-provider="missingFieldData" finished-at="2026-02-06T21:14:40 EET" duration-ms="10563" status="PASS">
          <params>
            <param index="0">
              <value>
                <![CDATA[testuser@email.com]]>
              </value>
            </param>
            <param index="1">
              <value>
                <![CDATA[John]]>
              </value>
            </param>
            <param index="2">
              <value>
                <![CDATA[]]>
              </value>
            </param>
            <param index="3">
              <value>
                <![CDATA[123 Main Street]]>
              </value>
            </param>
            <param index="4">
              <value>
                <![CDATA[San Jose]]>
              </value>
            </param>
            <param index="5">
              <value>
                <![CDATA[96150]]>
              </value>
            </param>
            <param index="6">
              <value>
                <![CDATA[2125551234]]>
              </value>
            </param>
            <param index="7">
              <value>
                <![CDATA[California]]>
              </value>
            </param>
            <param index="8">
              <value>
                <![CDATA[Enter a last name]]>
              </value>
            </param>
            <param index="9">
              <value>
                <![CDATA[lastName]]>
              </value>
            </param>
          </params>
          <reporter-output>
          </reporter-output>
        </test-method> <!-- missingFieldShowsError -->
        <test-method is-config="true" signature="closeApplication()[pri:0, instance:kib.tests.CheckoutPageTest@57a3af25]" started-at="2026-02-06T21:14:40 EET" name="closeApplication" finished-at="2026-02-06T21:14:40 EET" duration-ms="140" status="PASS">
          <reporter-output>
          </reporter-output>
        </test-method> <!-- closeApplication -->
        <test-method is-config="true" signature="launchApplication()[pri:0, instance:kib.tests.CheckoutPageTest@57a3af25]" started-at="2026-02-06T21:14:40 EET" name="launchApplication" finished-at="2026-02-06T21:14:42 EET" duration-ms="1827" status="PASS">
          <reporter-output>
          </reporter-output>
        </test-method> <!-- launchApplication -->
        <test-method signature="missingFieldShowsError(java.lang.String,java.lang.String,java.lang.String,java.lang.String,java.lang.String,java.lang.String,java.lang.String,java.lang.String,java.lang.String,java.lang.String)[pri:0, instance:kib.tests.CheckoutPageTest@57a3af25]" started-at="2026-02-06T21:14:42 EET" name="missingFieldShowsError" data-provider="missingFieldData" finished-at="2026-02-06T21:14:49 EET" duration-ms="7210" status="PASS">
          <params>
            <param index="0">
              <value>
                <![CDATA[testuser@email.com]]>
              </value>
            </param>
            <param index="1">
              <value>
                <![CDATA[John]]>
              </value>
            </param>
            <param index="2">
              <value>
                <![CDATA[Doe]]>
              </value>
            </param>
            <param index="3">
              <value>
                <![CDATA[]]>
              </value>
            </param>
            <param index="4">
              <value>
                <![CDATA[San Jose]]>
              </value>
            </param>
            <param index="5">
              <value>
                <![CDATA[96150]]>
              </value>
            </param>
            <param index="6">
              <value>
                <![CDATA[2125551234]]>
              </value>
            </param>
            <param index="7">
              <value>
                <![CDATA[California]]>
              </value>
            </param>
            <param index="8">
              <value>
                <![CDATA[Enter an address]]>
              </value>
            </param>
            <param index="9">
              <value>
                <![CDATA[address]]>
              </value>
            </param>
          </params>
          <reporter-output>
          </reporter-output>
        </test-method> <!-- missingFieldShowsError -->
        <test-method is-config="true" signature="closeApplication()[pri:0, instance:kib.tests.CheckoutPageTest@57a3af25]" started-at="2026-02-06T21:14:49 EET" name="closeApplication" finished-at="2026-02-06T21:14:49 EET" duration-ms="127" status="PASS">
          <reporter-output>
          </reporter-output>
        </test-method> <!-- closeApplication -->
        <test-method is-config="true" signature="launchApplication()[pri:0, instance:kib.tests.CheckoutPageTest@57a3af25]" started-at="2026-02-06T21:14:49 EET" name="launchApplication" finished-at="2026-02-06T21:14:52 EET" duration-ms="2430" status="PASS">
          <reporter-output>
          </reporter-output>
        </test-method> <!-- launchApplication -->
        <test-method signature="missingFieldShowsError(java.lang.String,java.lang.String,java.lang.String,java.lang.String,java.lang.String,java.lang.String,java.lang.String,java.lang.String,java.lang.String,java.lang.String)[pri:0, instance:kib.tests.CheckoutPageTest@57a3af25]" started-at="2026-02-06T21:14:52 EET" name="missingFieldShowsError" data-provider="missingFieldData" finished-at="2026-02-06T21:14:58 EET" duration-ms="6388" status="PASS">
          <params>
            <param index="0">
              <value>
                <![CDATA[testuser@email.com]]>
              </value>
            </param>
            <param index="1">
              <value>
                <![CDATA[John]]>
              </value>
            </param>
            <param index="2">
              <value>
                <![CDATA[Doe]]>
              </value>
            </param>
            <param index="3">
              <value>
                <![CDATA[123 Main Street]]>
              </value>
            </param>
            <param index="4">
              <value>
                <![CDATA[San Jose]]>
              </value>
            </param>
            <param index="5">
              <value>
                <![CDATA[]]>
              </value>
            </param>
            <param index="6">
              <value>
                <![CDATA[2125551234]]>
              </value>
            </param>
            <param index="7">
              <value>
                <![CDATA[California]]>
              </value>
            </param>
            <param index="8">
              <value>
                <![CDATA[Enter a ZIP / postal code]]>
              </value>
            </param>
            <param index="9">
              <value>
                <![CDATA[postal]]>
              </value>
            </param>
          </params>
          <reporter-output>
          </reporter-output>
        </test-method> <!-- missingFieldShowsError -->
        <test-method is-config="true" signature="closeApplication()[pri:0, instance:kib.tests.CheckoutPageTest@57a3af25]" started-at="2026-02-06T21:14:58 EET" name="closeApplication" finished-at="2026-02-06T21:14:58 EET" duration-ms="137" status="PASS">
          <reporter-output>
          </reporter-output>
        </test-method> <!-- closeApplication -->
        <test-method is-config="true" signature="launchApplication()[pri:0, instance:kib.tests.CheckoutPageTest@57a3af25]" started-at="2026-02-06T21:14:58 EET" name="launchApplication" finished-at="2026-02-06T21:15:00 EET" duration-ms="1821" status="PASS">
          <reporter-output>
          </reporter-output>
        </test-method> <!-- launchApplication -->
        <test-method signature="missingFieldShowsError(java.lang.String,java.lang.String,java.lang.String,java.lang.String,java.lang.String,java.lang.String,java.lang.String,java.lang.String,java.lang.String,java.lang.String)[pri:0, instance:kib.tests.CheckoutPageTest@57a3af25]" started-at="2026-02-06T21:15:00 EET" name="missingFieldShowsError" data-provider="missingFieldData" finished-at="2026-02-06T21:15:07 EET" duration-ms="6451" status="PASS">
          <params>
            <param index="0">
              <value>
                <![CDATA[testuser@email.com]]>
              </value>
            </param>
            <param index="1">
              <value>
                <![CDATA[John]]>
              </value>
            </param>
            <param index="2">
              <value>
                <![CDATA[Doe]]>
              </value>
            </param>
            <param index="3">
              <value>
                <![CDATA[123 Main Street]]>
              </value>
            </param>
            <param index="4">
              <value>
                <![CDATA[]]>
              </value>
            </param>
            <param index="5">
              <value>
                <![CDATA[96150]]>
              </value>
            </param>
            <param index="6">
              <value>
                <![CDATA[2125551234]]>
              </value>
            </param>
            <param index="7">
              <value>
                <![CDATA[California]]>
              </value>
            </param>
            <param index="8">
              <value>
                <![CDATA[Enter a city]]>
              </value>
            </param>
            <param index="9">
              <value>
                <![CDATA[city]]>
              </value>
            </param>
          </params>
          <reporter-output>
          </reporter-output>
        </test-method> <!-- missingFieldShowsError -->
        <test-method is-config="true" signature="closeApplication()[pri:0, instance:kib.tests.CheckoutPageTest@57a3af25]" started-at="2026-02-06T21:15:07 EET" name="closeApplication" finished-at="2026-02-06T21:15:07 EET" duration-ms="127" status="PASS">
          <reporter-output>
          </reporter-output>
        </test-method> <!-- closeApplication -->
        <test-method is-config="true" signature="launchApplication()[pri:0, instance:kib.tests.CheckoutPageTest@57a3af25]" started-at="2026-02-06T21:15:07 EET" name="launchApplication" finished-at="2026-02-06T21:15:09 EET" duration-ms="2283" status="PASS">
          <reporter-output>
          </reporter-output>
        </test-method> <!-- launchApplication -->
        <test-method signature="missingFieldShowsError(java.lang.String,java.lang.String,java.lang.String,java.lang.String,java.lang.String,java.lang.String,java.lang.String,java.lang.String,java.lang.String,java.lang.String)[pri:0, instance:kib.tests.CheckoutPageTest@57a3af25]" started-at="2026-02-06T21:15:09 EET" name="missingFieldShowsError" data-provider="missingFieldData" finished-at="2026-02-06T21:15:16 EET" duration-ms="7467" status="PASS">
          <params>
            <param index="0">
              <value>
                <![CDATA[testuser@email.com]]>
              </value>
            </param>
            <param index="1">
              <value>
                <![CDATA[John]]>
              </value>
            </param>
            <param index="2">
              <value>
                <![CDATA[Doe]]>
              </value>
            </param>
            <param index="3">
              <value>
                <![CDATA[123 Main Street]]>
              </value>
            </param>
            <param index="4">
              <value>
                <![CDATA[San Jose]]>
              </value>
            </param>
            <param index="5">
              <value>
                <![CDATA[96150]]>
              </value>
            </param>
            <param index="6">
              <value>
                <![CDATA[]]>
              </value>
            </param>
            <param index="7">
              <value>
                <![CDATA[California]]>
              </value>
            </param>
            <param index="8">
              <value>
                <![CDATA[Enter a phone number]]>
              </value>
            </param>
            <param index="9">
              <value>
                <![CDATA[phone]]>
              </value>
            </param>
          </params>
          <reporter-output>
          </reporter-output>
        </test-method> <!-- missingFieldShowsError -->
        <test-method is-config="true" signature="closeApplication()[pri:0, instance:kib.tests.CheckoutPageTest@57a3af25]" started-at="2026-02-06T21:15:16 EET" name="closeApplication" finished-at="2026-02-06T21:15:17 EET" duration-ms="137" status="PASS">
          <reporter-output>
          </reporter-output>
        </test-method> <!-- closeApplication -->
        <test-method is-config="true" signature="launchApplication()[pri:0, instance:kib.tests.CheckoutPageTest@57a3af25]" started-at="2026-02-06T21:15:17 EET" name="launchApplication" finished-at="2026-02-06T21:15:19 EET" duration-ms="2005" status="PASS">
          <reporter-output>
          </reporter-output>
        </test-method> <!-- launchApplication -->
        <test-method signature="missingFieldShowsError(java.lang.String,java.lang.String,java.lang.String,java.lang.String,java.lang.String,java.lang.String,java.lang.String,java.lang.String,java.lang.String,java.lang.String)[pri:0, instance:kib.tests.CheckoutPageTest@57a3af25]" started-at="2026-02-06T21:15:19 EET" name="missingFieldShowsError" data-provider="missingFieldData" finished-at="2026-02-06T21:15:24 EET" duration-ms="5104" status="PASS">
          <params>
            <param index="0">
              <value>
                <![CDATA[testuser@email.com]]>
              </value>
            </param>
            <param index="1">
              <value>
                <![CDATA[John]]>
              </value>
            </param>
            <param index="2">
              <value>
                <![CDATA[Doe]]>
              </value>
            </param>
            <param index="3">
              <value>
                <![CDATA[123 Main Street]]>
              </value>
            </param>
            <param index="4">
              <value>
                <![CDATA[San Jose]]>
              </value>
            </param>
            <param index="5">
              <value>
                <![CDATA[96150]]>
              </value>
            </param>
            <param index="6">
              <value>
                <![CDATA[2125551234]]>
              </value>
            </param>
            <param index="7">
              <value>
                <![CDATA[]]>
              </value>
            </param>
            <param index="8">
              <value>
                <![CDATA[Select a state / province]]>
              </value>
            </param>
            <param index="9">
              <value>
                <![CDATA[state]]>
              </value>
            </param>
          </params>
          <reporter-output>
          </reporter-output>
        </test-method> <!-- missingFieldShowsError -->
        <test-method is-config="true" signature="closeApplication()[pri:0, instance:kib.tests.CheckoutPageTest@57a3af25]" started-at="2026-02-06T21:15:24 EET" name="closeApplication" finished-at="2026-02-06T21:15:24 EET" duration-ms="128" status="PASS">
          <reporter-output>
          </reporter-output>
        </test-method> <!-- closeApplication -->
        <test-method is-config="true" signature="launchApplication()[pri:0, instance:kib.tests.CheckoutPageTest@57a3af25]" started-at="2026-02-06T21:15:24 EET" name="launchApplication" finished-at="2026-02-06T21:15:26 EET" duration-ms="2068" status="PASS">
          <reporter-output>
          </reporter-output>
        </test-method> <!-- launchApplication -->
        <test-method signature="submitOrderSuccessfully()[pri:0, instance:kib.tests.CheckoutPageTest@57a3af25]" started-at="2026-02-06T21:15:26 EET" name="submitOrderSuccessfully" finished-at="2026-02-06T21:15:35 EET" duration-ms="9077" status="PASS">
          <reporter-output>
          </reporter-output>
        </test-method> <!-- submitOrderSuccessfully -->
        <test-method is-config="true" signature="closeApplication()[pri:0, instance:kib.tests.CheckoutPageTest@57a3af25]" started-at="2026-02-06T21:15:35 EET" name="closeApplication" finished-at="2026-02-06T21:15:35 EET" duration-ms="145" status="PASS">
          <reporter-output>
          </reporter-output>
        </test-method> <!-- closeApplication -->
      </class> <!-- kib.tests.CheckoutPageTest -->
    </test> <!-- Checkout Page Test -->
  </suite> <!-- Suite -->
</testng-results>
