<?xml version="1.0" encoding="UTF-8"?>
<!-- Generated by org.testng.reporters.JUnitReportReporter -->
<testsuite hostname="G4G14VG9KK" failures="0" tests="2" name="kib.tests.ProductsPageTest" time="7.460" errors="0" timestamp="2026-02-06T21:15:35 EET" skipped="0">
  <testcase classname="kib.tests.ProductsPageTest" name="productsListVisibleAfterLogin" time="3.726"/>
  <testcase classname="kib.tests.ProductsPageTest" name="getProductThrowsForMissingProduct" time="3.734"/>
</testsuite> <!-- kib.tests.ProductsPageTest -->
