<?xml version="1.0" encoding="UTF-8"?>
<!-- Generated by org.testng.reporters.JUnitReportReporter -->
<testsuite hostname="G4G14VG9KK" failures="0" tests="2" name="kib.tests.LoginPageTest" time="6.825" errors="0" timestamp="2026-02-06T21:15:35 EET" skipped="0">
  <testcase classname="kib.tests.LoginPageTest" name="validPasswordShowsProducts" time="3.618"/>
  <testcase classname="kib.tests.LoginPageTest" name="invalidPasswordShowsError" time="3.207"/>
</testsuite> <!-- kib.tests.LoginPageTest -->
