<?xml version="1.0" encoding="UTF-8"?>
<!-- Generated by org.testng.reporters.JUnitReportReporter -->
<testsuite hostname="G4G14VG9KK" failures="0" tests="8" name="kib.tests.CheckoutPageTest" time="78.466" errors="0" timestamp="2026-02-06T21:15:35 EET" skipped="0">
  <testcase classname="kib.tests.CheckoutPageTest" name="missingFieldShowsError" time="10.378"/>
  <testcase classname="kib.tests.CheckoutPageTest" name="missingFieldShowsError" time="9.407"/>
  <testcase classname="kib.tests.CheckoutPageTest" name="missingFieldShowsError" time="8.409"/>
  <testcase classname="kib.tests.CheckoutPageTest" name="missingFieldShowsError" time="7.674"/>
  <testcase classname="kib.tests.CheckoutPageTest" name="missingFieldShowsError" time="9.672"/>
  <testcase classname="kib.tests.CheckoutPageTest" name="submitOrderSuccessfully" time="11.227"/>
  <testcase classname="kib.tests.CheckoutPageTest" name="missingFieldShowsError" time="9.165"/>
  <testcase classname="kib.tests.CheckoutPageTest" name="missingFieldShowsError" time="12.534"/>
</testsuite> <!-- kib.tests.CheckoutPageTest -->
